<?xml version="1.0" encoding="UTF-8"?>
<testsuite name="demo.AppTest" tests="1" skipped="0" failures="0" errors="0" timestamp="2022-12-06T21:53:24" hostname="DESKTOP-5A4JA6N" time="0.014">
  <properties/>
  <testcase name="appHasAGreeting()" classname="demo.AppTest" time="0.014"/>
  <system-out><![CDATA[]]></system-out>
  <system-err><![CDATA[]]></system-err>
</testsuite>
